[12:10] SIMPLE CHOICE TASK
[12:16] S0: Practice Task
[12:4] Playing: Room With A View
[12:14] Continue?: no
[12:40] Satisfaction: 1
[12:57] S4: Imagery Condition
[12:46] Playing: May Be
[12:1] Continue?: no
[12:26] Satisfaction: 1
[12:44] S1: Control Condition
[12:32] Playing: Love Me
[12:42] Continue?: no
[12:19] Satisfaction: 3
[12:36] S3: Comparative Condition
[12:33] Playing: Kiss The Rain
[12:42] Continue?: no
[12:8] Satisfaction: 7
[12:25] S1: Descriptive Condition
[12:15] Playing: River Flows In You
[12:25] Continue?: no
[12:50] Satisfaction: 6
[12:13] M0: Practice Task
[12:40] Choice: 1
[12:28] Continue?: no
[12:54] Satisfaction: 2
[12:11] M4: Imagery Condition
[12:1] Choice: 3
[12:49] Continue?: no
[12:15] Satisfaction: 5
[12:44] M1: Control Condition
[12:10] Choice: 2
[12:59] Continue?: no
[12:24] Satisfaction: 2
[12:42] M3: Comparative Condition
[12:12] Choice: 3
[12:1] Continue?: no
[12:26] Satisfaction: 2
[12:44] M2: Descriptive Condition
[12:0] Choice: 2
[12:49] Continue?: no
[12:14] Satisfaction: 6
