[11:5] SIMPLE CHOICE TASK
[11:12] S0: Practice Task
[11:0] Playing: Room With A View
[11:10] Continue?: no
[11:48] Satisfaction: 2
[11:43] S4: Imagery Condition
[11:33] Playing: May Be
[11:43] Continue?: yes
[11:45] Satisfaction: 5
[12:59] S3: Comparative Condition
[12:54] Playing: Kiss The Rain
[12:3] Continue?: no
[12:23] Satisfaction: 4
[12:54] S1: Control Condition
[12:43] Playing: Love Me
[12:53] Continue?: yes
[12:45] Satisfaction: 6
[12:3] S1: Descriptive Condition
[12:53] Playing: River Flows In You
[12:24] Continue?: no
[12:3] Satisfaction: 7
[12:37] M0: Practice Task
[12:4] Choice: 1
[12:53] Continue?: no
[12:23] Satisfaction: 3
[12:27] M4: Imagery Condition
[12:6] Choice: 2
[12:55] Continue?: yes
[12:47] Satisfaction: 1
[12:7] M3: Comparative Condition
[12:16] Choice: 3
[12:6] Continue?: no
[12:25] Satisfaction: 5
[12:54] M1: Control Condition
[12:21] Choice: 2
[12:6] Continue?: no
[12:25] Satisfaction: 4
