[11:51] SIMPLE CHOICE TASK
[11:58] S0: Practice Task
[11:47] Playing: Room With A View
[11:57] Continue?: no
[11:22] Satisfaction: 2
[11:40] S1: Control Condition
[11:40] Playing: Love Me
[11:9] Continue?: no
[11:35] Satisfaction: 2
[11:53] S4: Imagery Condition
[11:5] Playing: May Be
[11:19] Continue?: no
[11:57] Satisfaction: 7
[11:15] S3: Comparative Condition
[11:11] Playing: Kiss The Rain
[11:35] Continue?: no
[11:0] Satisfaction: 2
[11:18] S1: Descriptive Condition
[11:7] Playing: River Flows In You
[11:31] Continue?: no
[11:11] Satisfaction: 2
[11:34] M0: Practice Task
[11:12] Choice: 3
[11:2] Continue?: no
[11:46] Satisfaction: 1
[12:4] M1: Control Condition
