[10:36] SIMPLE CHOICE TASK
[10:14] SIMPLE CHOICE TASK
[10:37] S4: Imagery Condition
[10:22] Playing: May Be
[10:50] Continue?: no
[10:13] Satisfaction: 3
[10:28] S3: Comparative Condition
[10:22] Playing: Kiss The Rain
[10:31] Continue?: no
[10:53] Satisfaction: 4
[10:8] S1: Descriptive Condition
[10:54] Playing: River Flows In You
[10:9] SIMPLE CHOICE TASK
[10:1] SIMPLE CHOICE TASK
[10:7] M0: Practice Task
[10:45] Choice: 1
[10:30] Continue?: no
[10:51] Satisfaction: 7
[10:32] SIMPLE CHOICE TASK
[10:32] M1: Control Condition
[10:31] Choice: 2
[10:16] Continue?: no
[10:39] Satisfaction: 2
