[11:16] SIMPLE CHOICE TASK
[11:22] S0: Practice Task
[11:23] Playing: Room With A View
[11:46] Continue?: no
[11:6] Satisfaction: 4
[11:31] S4: Imagery Condition
[11:20] Playing: May Be
[11:30] Continue?: no
[12:25] Satisfaction: 5
[12:7] S1: Descriptive Condition
[12:56] Playing: River Flows In You
[12:6] Continue?: yes
[12:28] Satisfaction: 7
[12:0] S3: Comparative Condition
[12:57] Playing: Kiss The Rain
[12:7] Continue?: no
[12:6] Satisfaction: 7
[12:8] S1: Control Condition
[12:56] Playing: Love Me
[12:15] Continue?: no
[12:35] Satisfaction: 1
[12:49] M0: Practice Task
[12:41] Choice: 2
[12:30] Continue?: no
[12:50] Satisfaction: 6
[12:31] M4: Imagery Condition
[12:9] Choice: 3
[12:59] Continue?: no
[12:18] Satisfaction: 2
[12:40] M2: Descriptive Condition
[12:18] Choice: 1
[12:9] Continue?: no
[12:28] Satisfaction: 5
[12:37] M3: Comparative Condition
[12:59] Choice: 3
[12:49] Continue?: no
[12:9] Satisfaction: 3
[12:29] M1: Control Condition
[12:56] Choice: 3
[12:45] Continue?: no
[12:5] Satisfaction: 5
